client/MainScreen/app/build/intermediates/manifest_merge_blame_file/debug/manifest-merger-blame-debug-report.txt
1<?xml version="1.0" encoding="utf-8"?>
2<manifest xmlns:android="http://schemas.android.com/apk/res/android"
3    package="com.opensw.mainscreen"
4    android:versionCode="1"
5    android:versionName="1.0" >
6
7    <uses-sdk
8        android:minSdkVersion="30"
8-->src\main\AndroidManifest.xml
9        android:targetSdkVersion="32" />
9-->src\main\AndroidManifest.xml
10
11    <uses-permission android:name="android.permission.INTERNET" />
11-->src\main\AndroidManifest.xml:5:5-67
11-->src\main\AndroidManifest.xml:5:22-64
12    <uses-permission android:name="android.permission.CAMERA" />
12-->src\main\AndroidManifest.xml:6:5-65
12-->src\main\AndroidManifest.xml:6:22-62
13    <uses-permission android:name="android.permission.READ_EXTERNAL_STORAGE" />
13-->src\main\AndroidManifest.xml:7:5-80
13-->src\main\AndroidManifest.xml:7:22-77
14    <uses-permission android:name="android.permission.WRITE_EXTERNAL_STORAGE" />
14-->src\main\AndroidManifest.xml:8:5-81
14-->src\main\AndroidManifest.xml:8:22-78
15
16    <uses-feature android:name="android.hardware.camera" />
16-->src\main\AndroidManifest.xml:9:5-60
16-->src\main\AndroidManifest.xml:9:19-57
17
18    <application
18-->src\main\AndroidManifest.xml:10:5-41:19
19        android:allowBackup="true"
19-->src\main\AndroidManifest.xml:11:9-35
20        android:appComponentFactory="androidx.core.app.CoreComponentFactory"
20-->[androidx.core:core:1.8.0] AndroidManifest.xml:24:18-86
21        android:dataExtractionRules="@xml/data_extraction_rules"
21-->src\main\AndroidManifest.xml:12:9-65
22        android:debuggable="true"
23        android:extractNativeLibs="false"
24        android:fullBackupContent="@xml/backup_rules"
24-->src\main\AndroidManifest.xml:13:9-54
25        android:icon="@mipmap/ic_launcher"
25-->src\main\AndroidManifest.xml:14:9-43
26        android:label="@string/app_name"
26-->src\main\AndroidManifest.xml:15:9-41
27        android:roundIcon="@mipmap/ic_launcher_round"
27-->src\main\AndroidManifest.xml:16:9-54
28        android:supportsRtl="true"
28-->src\main\AndroidManifest.xml:17:9-35
29        android:testOnly="true"
30        android:theme="@style/Theme.MainScreen" >
30-->src\main\AndroidManifest.xml:18:9-48
31        <activity
31-->src\main\AndroidManifest.xml:20:9-22:40
32            android:name="com.opensw.mainscreen.mainscreen.MajorScreen"
32-->src\main\AndroidManifest.xml:21:13-51
33            android:exported="false" />
33-->src\main\AndroidManifest.xml:22:13-37
34        <activity
34-->src\main\AndroidManifest.xml:23:9-31:20
35            android:name="com.opensw.mainscreen.login.MainActivity"
35-->src\main\AndroidManifest.xml:24:13-47
36            android:exported="true" >
36-->src\main\AndroidManifest.xml:25:13-36
37            <intent-filter>
37-->src\main\AndroidManifest.xml:26:13-30:29
38                <action android:name="android.intent.action.MAIN" />
38-->src\main\AndroidManifest.xml:27:17-69
38-->src\main\AndroidManifest.xml:27:25-66
39
40                <category android:name="android.intent.category.LAUNCHER" />
40-->src\main\AndroidManifest.xml:29:17-77
40-->src\main\AndroidManifest.xml:29:27-74
41            </intent-filter>
42        </activity>
43
44        <provider
45            android:name="androidx.core.content.FileProvider"
45-->src\main\AndroidManifest.xml:34:13-62
46            android:authorities="com.opensw.mainscreen.provider"
46-->src\main\AndroidManifest.xml:33:13-60
47            android:exported="false"
47-->src\main\AndroidManifest.xml:35:13-37
48            android:grantUriPermissions="true" >
48-->src\main\AndroidManifest.xml:36:13-47
49            <meta-data
49-->src\main\AndroidManifest.xml:37:13-39:54
50                android:name="android.support.FILE_PROVIDER_PATHS"
50-->src\main\AndroidManifest.xml:38:17-67
51                android:resource="@xml/file_paths" />
51-->src\main\AndroidManifest.xml:39:17-51
52        </provider>
53
54        <uses-library
54-->[androidx.window:window:1.0.0] AndroidManifest.xml:25:9-27:40
55            android:name="androidx.window.extensions"
55-->[androidx.window:window:1.0.0] AndroidManifest.xml:26:13-54
56            android:required="false" />
56-->[androidx.window:window:1.0.0] AndroidManifest.xml:27:13-37
57        <uses-library
57-->[androidx.window:window:1.0.0] AndroidManifest.xml:28:9-30:40
58            android:name="androidx.window.sidecar"
58-->[androidx.window:window:1.0.0] AndroidManifest.xml:29:13-51
59            android:required="false" />
59-->[androidx.window:window:1.0.0] AndroidManifest.xml:30:13-37
60
61        <provider
61-->[androidx.emoji2:emoji2:1.2.0] AndroidManifest.xml:24:9-32:20
62            android:name="androidx.startup.InitializationProvider"
62-->[androidx.emoji2:emoji2:1.2.0] AndroidManifest.xml:25:13-67
63            android:authorities="com.opensw.mainscreen.androidx-startup"
63-->[androidx.emoji2:emoji2:1.2.0] AndroidManifest.xml:26:13-68
64            android:exported="false" >
64-->[androidx.emoji2:emoji2:1.2.0] AndroidManifest.xml:27:13-37
65            <meta-data
65-->[androidx.emoji2:emoji2:1.2.0] AndroidManifest.xml:29:13-31:52
66                android:name="androidx.emoji2.text.EmojiCompatInitializer"
66-->[androidx.emoji2:emoji2:1.2.0] AndroidManifest.xml:30:17-75
67                android:value="androidx.startup" />
67-->[androidx.emoji2:emoji2:1.2.0] AndroidManifest.xml:31:17-49
68            <meta-data
68-->[androidx.lifecycle:lifecycle-process:2.4.1] AndroidManifest.xml:31:13-33:52
69                android:name="androidx.lifecycle.ProcessLifecycleInitializer"
69-->[androidx.lifecycle:lifecycle-process:2.4.1] AndroidManifest.xml:32:17-78
70                android:value="androidx.startup" />
70-->[androidx.lifecycle:lifecycle-process:2.4.1] AndroidManifest.xml:33:17-49
71        </provider>
72    </application>
73
74</manifest>